20230307	13:41:13	c531bdfd-f7e1-41a8-9659-141b16819bc9	POST	/items	undefined
20230307	13:42:41	c6bc7350-ad4f-43ff-ae82-9d4dbfa87523	POST	/items	undefined
20230307	13:42:45	834be3bf-1c5d-4248-9faf-2b1db39c8c5a	POST	/items	undefined
20230307	13:43:06	ca6bea82-d140-46a6-b5fe-f8b66be0038e	POST	/items	undefined
20230307	13:44:08	9c0d8ed5-9cb4-4ecc-a82a-eab58054559f	POST	/items	undefined
20230307	13:48:35	9aa9f392-6286-425f-acfe-78c21ddf416f	POST	/items	undefined
20230307	13:49:44	3d7e6dd1-dbd0-4afe-ba3d-a8fafc884238	POST	/items/1	undefined
20230307	13:52:43	22b2c455-a726-4c67-a224-eaa2c2742832	POST	/items/1	undefined
20230307	13:53:02	9382de5a-ea09-4c88-9033-23ec19953024	POST	/items	undefined
20230307	13:53:04	47459c22-3f2b-4d30-ab78-31e586e2a43a	POST	/items	undefined
20230307	13:53:15	f025a7c5-1fd5-4983-bb9f-24099ae691d4	POST	/items	undefined
20230307	13:53:38	ad49c9be-d854-4782-9ff6-5bd38249ccc6	POST	/items	undefined
20230307	14:37:14	efc399ab-f45a-4153-acf4-7630bb99b523	POST	/items	undefined
20230307	14:37:33	54c37f94-0f50-465b-8bcb-b8974dcaccf5	PATCH	/items	undefined
20230307	14:38:35	c1c7866f-1302-4f7c-b918-434935bee109	PATCH	/items	undefined
20230307	14:39:08	1a1c98dc-b9dc-429d-87ea-f4158b50d0f5	PATCH	/items	undefined
20230307	14:39:09	40732d1e-a658-4e6f-9cdb-f88e5d9722c5	PATCH	/items	undefined
20230307	14:39:10	ead2242a-43c7-4074-98bd-578bac00de62	PATCH	/items	undefined
20230307	14:41:07	28260dfe-4f42-47c9-bbc3-16b49b425f13	PATCH	/items	undefined
20230307	14:41:10	2f74a808-abf9-4c7a-906f-e7ade300521a	PATCH	/items	undefined
20230307	14:41:11	2edf3f64-e977-4568-ab4c-cfaa706f0191	PATCH	/items	undefined
20230307	14:43:42	8eecce8e-f09e-486e-81a9-9f44f3370782	PATCH	/items	undefined
20230307	14:43:55	f7f02c69-1d00-4c63-953a-f89700eb8a0d	PATCH	/items	undefined
20230307	14:44:22	2b704218-0b5b-495a-9dfb-c3b4eb54904c	PATCH	/items	undefined
20230307	14:45:04	2384f341-12fd-47af-8c2e-f2c4f09601f2	PATCH	/items	undefined
20230307	14:46:05	c4faf66b-24c8-4156-bd2a-77445464022c	DELETE	/items	undefined
20230307	14:46:14	c7c0e0eb-9318-4347-b1f1-e8e5335cb1f3	DELETE	/items	undefined
20230307	14:46:43	0f5afeb8-cc16-4f85-98f5-b9192b4b5a77	DELETE	/items	undefined
20230307	14:47:17	9bb7e7f1-63da-446c-b172-f8caf5416e41	DELETE	/items	undefined
